<?xml version="1.0" encoding="UTF-8"?>
<!-- Generated by org.testng.reporters.JUnitXMLReporter -->
<testsuite ignored="0" hostname="DESKTOP-CK977I0" failures="2" tests="2" name="Test" time="0.085" errors="0" timestamp="2024-09-21T16:05:53 IST">
  <testcase classname="selenium.FlipkartTestCaseTest" name="closedriverTest" time="0.016">
    <failure type="java.lang.RuntimeException" message="Test not implemented">
      <![CDATA[java.lang.RuntimeException: Test not implemented
at selenium.FlipkartTestCaseTest.closedriverTest(FlipkartTestCaseTest.java:9)
at java.base/java.util.ArrayList.forEach(ArrayList.java:1597)
... Removed 25 stack frames]]>
    </failure>
  </testcase> <!-- closedriverTest -->
  <testcase classname="selenium.FlipkartTestCaseTest" name="openwebTest" time="0.004">
    <failure type="java.lang.RuntimeException" message="Test not implemented">
      <![CDATA[java.lang.RuntimeException: Test not implemented
at selenium.FlipkartTestCaseTest.openwebTest(FlipkartTestCaseTest.java:14)
at java.base/java.util.ArrayList.forEach(ArrayList.java:1597)
... Removed 25 stack frames]]>
    </failure>
  </testcase> <!-- openwebTest -->
</testsuite> <!-- Test -->
